
2021-03-05 15:30:23...installerHook: Could not find custom/install/install_hooks.php
2021-03-05 15:30:28...installerHook: Could not find custom/install/install_hooks.php
2021-03-05 15:30:32...installerHook: Could not find custom/install/install_hooks.php
2021-03-05 15:30:39...Begin System Check Process *************
2021-03-05 15:30:40...XML Parsing Support Found
2021-03-05 15:30:40...MBString Support Found
2021-03-05 15:30:40...ZIP Support Found
2021-03-05 15:30:40.../custom directory and subdirectory check passed
2021-03-05 15:30:40...cache directory and subdirectory check passed
2021-03-05 15:30:50.../module  directory and subdirectory check passed
2021-03-05 15:30:50.../upload directory check passed
2021-03-05 15:30:50.../zip check passed
2021-03-05 15:30:50...PCRE version check passed
2021-03-05 15:30:50...installerHook: Could not find custom/install/install_hooks.php
2021-03-05 15:30:50...php.ini location found. C:\MAMP\conf\php5.6.30\php.ini
2021-03-05 15:30:50...Outputting HTML for System check
2021-03-05 15:30:50...No Errors were found *************
2021-03-05 15:30:54...installerHook: Could not find custom/install/install_hooks.php
2021-03-05 15:31:15...installerHook: Could not find custom/install/install_hooks.php
2021-03-05 15:31:18...installerHook: Could not find custom/install/install_hooks.php
2021-03-05 15:31:31...installerHook: Could not find custom/install/install_hooks.php
2021-03-05 15:31:35...installerHook: Could not find custom/install/install_hooks.php
2021-03-05 15:31:40...installerHook: Could not find custom/install/install_hooks.php
2021-03-05 15:31:43...installerHook: Could not find custom/install/install_hooks.php
2021-03-05 15:32:24...Begin DB Check Process *************
2021-03-05 15:32:24...testing with mysql:mysqli
2021-03-05 15:32:24...Basic form info is valid, continuing Process.
2021-03-05 15:32:24...Testing user account...
2021-03-05 15:32:25...Connection made using  host: localhost, usr: root
2021-03-05 15:32:25...Testing priviliged account...
2021-03-05 15:32:25...Connection made using  host: localhost, usr: root
2021-03-05 15:32:25...DB not selected, will create fisioterapia
2021-03-05 15:32:25...Passed DB install check
2021-03-05 15:32:25...SUCCESS:: no errors detected!
2021-03-05 15:32:25...End DB Check Process *************
2021-03-05 15:32:26...installerHook: Could not find custom/install/install_hooks.php
2021-03-05 15:32:53...installerHook: Could not find custom/install/install_hooks.php
2021-03-05 15:33:03...installerHook: Could not find custom/install/install_hooks.php
2021-03-05 15:33:12...installerHook: Could not find custom/install/install_hooks.php
2021-03-05 15:33:12...calling handleSugarConfig()
2021-03-05 15:33:12...calling handleLog4Php()
2021-03-05 15:33:12...calling handleHtaccess()
2021-03-05 15:33:12...calling handleDbCreateDatabase()
2021-03-05 15:33:14...looping through all the Beans and create their tables
2021-03-05 15:33:14...processing table acl_actions
2021-03-05 15:33:16...creating table acl_actions
2021-03-05 15:33:16...creating Relationship Meta for ACLAction
2021-03-05 15:33:16...processing table acl_roles
2021-03-05 15:33:16...creating table acl_roles
2021-03-05 15:33:16...creating Relationship Meta for ACLRole
2021-03-05 15:33:16...processing table relationships
2021-03-05 15:33:17...creating table relationships
2021-03-05 15:33:17...creating Relationship Meta for Relationship
2021-03-05 15:33:17...processing table leads
2021-03-05 15:33:18...creating table leads
2021-03-05 15:33:18...creating Relationship Meta for Lead
2021-03-05 15:33:19...processing table cases
2021-03-05 15:33:22...creating table cases
2021-03-05 15:33:22...creating Relationship Meta for Case
2021-03-05 15:33:23...processing table bugs
2021-03-05 15:33:24...creating table bugs
2021-03-05 15:33:24...creating Relationship Meta for Bug
2021-03-05 15:33:25...processing table users
2021-03-05 15:33:26...creating table users
2021-03-05 15:33:26...creating Relationship Meta for User
2021-03-05 15:33:26...processing table campaign_log
2021-03-05 15:33:26...creating table campaign_log
2021-03-05 15:33:26...creating Relationship Meta for CampaignLog
2021-03-05 15:33:27...processing table project
2021-03-05 15:33:28...creating table project
2021-03-05 15:33:28...creating Relationship Meta for Project
2021-03-05 15:33:28...processing table project_task
2021-03-05 15:33:29...creating table project_task
2021-03-05 15:33:29...creating Relationship Meta for ProjectTask
2021-03-05 15:33:29...processing table campaigns
2021-03-05 15:33:30...creating table campaigns
2021-03-05 15:33:30...creating Relationship Meta for Campaign
2021-03-05 15:33:31...processing table prospect_lists
2021-03-05 15:33:32...creating table prospect_lists
2021-03-05 15:33:32...creating Relationship Meta for ProspectList
2021-03-05 15:33:32...processing table prospects
2021-03-05 15:33:33...creating table prospects
2021-03-05 15:33:33...creating Relationship Meta for Prospect
2021-03-05 15:33:33...processing table email_marketing
2021-03-05 15:33:34...creating table email_marketing
2021-03-05 15:33:34...creating Relationship Meta for EmailMarketing
2021-03-05 15:33:34...processing table campaign_trkrs
2021-03-05 15:33:35...creating table campaign_trkrs
2021-03-05 15:33:35...creating Relationship Meta for CampaignTracker
2021-03-05 15:33:35...processing table releases
2021-03-05 15:33:35...creating table releases
2021-03-05 15:33:35...creating Relationship Meta for Release
2021-03-05 15:33:35...processing table emailman
2021-03-05 15:33:36...creating table emailman
2021-03-05 15:33:36...creating Relationship Meta for EmailMan
2021-03-05 15:33:36...processing table schedulers
2021-03-05 15:33:37...creating table schedulers
2021-03-05 15:33:37...creating Relationship Meta for Scheduler
2021-03-05 15:33:37...processing table job_queue
2021-03-05 15:33:38...creating table job_queue
2021-03-05 15:33:38...creating Relationship Meta for SchedulersJob
2021-03-05 15:33:38...processing table contacts
2021-03-05 15:33:40...creating table contacts
2021-03-05 15:33:40...creating Relationship Meta for Contact
2021-03-05 15:33:41...processing table accounts
2021-03-05 15:33:42...creating table accounts
2021-03-05 15:33:42...creating Relationship Meta for Account
2021-03-05 15:33:43...processing table opportunities
2021-03-05 15:33:44...creating table opportunities
2021-03-05 15:33:44...creating Relationship Meta for Opportunity
2021-03-05 15:33:45...processing table email_templates
2021-03-05 15:33:45...creating table email_templates
2021-03-05 15:33:45...creating Relationship Meta for EmailTemplate
2021-03-05 15:33:45...processing table notes
2021-03-05 15:33:46...creating table notes
2021-03-05 15:33:46...creating Relationship Meta for Note
2021-03-05 15:33:46...processing table calls
2021-03-05 15:33:47...creating table calls
2021-03-05 15:33:47...creating Relationship Meta for Call
2021-03-05 15:33:48...processing table emails
2021-03-05 15:33:49...creating table emails
2021-03-05 15:33:49...creating Relationship Meta for Email
2021-03-05 15:33:49...processing table meetings
2021-03-05 15:33:50...creating table meetings
2021-03-05 15:33:50...creating Relationship Meta for Meeting
2021-03-05 15:33:50...processing table tasks
2021-03-05 15:33:51...creating table tasks
2021-03-05 15:33:51...creating Relationship Meta for Task
2021-03-05 15:33:52...processing table users
2021-03-05 15:33:52...processing table users
2021-03-05 15:33:52...processing table currencies
2021-03-05 15:33:52...creating table currencies
2021-03-05 15:33:52...creating Relationship Meta for Currency
2021-03-05 15:33:52...processing table tracker
2021-03-05 15:33:53...creating table tracker
2021-03-05 15:33:53...creating Relationship Meta for Tracker
2021-03-05 15:33:53...processing table import_maps
2021-03-05 15:33:53...creating table import_maps
2021-03-05 15:33:53...creating Relationship Meta for ImportMap
2021-03-05 15:33:53...processing table users_last_import
2021-03-05 15:33:54...creating table users_last_import
2021-03-05 15:33:54...creating Relationship Meta for UsersLastImport
2021-03-05 15:33:54...processing table config
2021-03-05 15:33:54...creating table config
2021-03-05 15:33:54...creating Relationship Meta for Administration
2021-03-05 15:33:54...processing table upgrade_history
2021-03-05 15:33:54...creating table upgrade_history
2021-03-05 15:33:54...creating Relationship Meta for UpgradeHistory
2021-03-05 15:33:54...processing table vcals
2021-03-05 15:33:55...creating table vcals
2021-03-05 15:33:55...creating Relationship Meta for vCal
2021-03-05 15:33:55...processing table versions
2021-03-05 15:33:55...creating table versions
2021-03-05 15:33:55...creating Relationship Meta for Version
2021-03-05 15:33:56...processing table roles
2021-03-05 15:33:56...creating table roles
2021-03-05 15:33:56...creating Relationship Meta for Role
2021-03-05 15:33:56...processing table documents
2021-03-05 15:33:57...creating table documents
2021-03-05 15:33:57...creating Relationship Meta for Document
2021-03-05 15:33:57...processing table document_revisions
2021-03-05 15:33:57...creating table document_revisions
2021-03-05 15:33:57...creating Relationship Meta for DocumentRevision
2021-03-05 15:33:57...processing table fields_meta_data
2021-03-05 15:33:58...creating table fields_meta_data
2021-03-05 15:33:58...creating Relationship Meta for FieldsMetaData
2021-03-05 15:33:58...processing table inbound_email
2021-03-05 15:33:59...creating table inbound_email
2021-03-05 15:33:59...creating Relationship Meta for InboundEmail
2021-03-05 15:33:59...processing table saved_search
2021-03-05 15:33:59...creating table saved_search
2021-03-05 15:33:59...creating Relationship Meta for SavedSearch
2021-03-05 15:33:59...processing table user_preferences
2021-03-05 15:34:00...creating table user_preferences
2021-03-05 15:34:00...creating Relationship Meta for UserPreference
2021-03-05 15:34:00...processing table 
2021-03-05 15:34:00...processing table email_addresses
2021-03-05 15:34:00...creating table email_addresses
2021-03-05 15:34:00...creating Relationship Meta for EmailAddress
2021-03-05 15:34:00...processing table emails_text
2021-03-05 15:34:01...creating table emails_text
2021-03-05 15:34:01...creating Relationship Meta for EmailText
2021-03-05 15:34:01...processing table sugarfeed
2021-03-05 15:34:01...creating table sugarfeed
2021-03-05 15:34:02...creating Relationship Meta for SugarFeed
2021-03-05 15:34:02...processing table eapm
2021-03-05 15:34:02...creating table eapm
2021-03-05 15:34:02...creating Relationship Meta for EAPM
2021-03-05 15:34:03...processing table oauth_consumer
2021-03-05 15:34:03...creating table oauth_consumer
2021-03-05 15:34:03...creating Relationship Meta for OAuthKey
2021-03-05 15:34:04...processing table oauth_tokens
2021-03-05 15:34:04...creating table oauth_tokens
2021-03-05 15:34:04...creating Relationship Meta for OAuthToken
2021-03-05 15:34:25...Begin creating Defaults
2021-03-05 15:34:25...insert defaults into config table
2021-03-05 15:34:26...Creating default users
2021-03-05 15:34:26...Creating default scheduler jobs
2021-03-05 15:34:26...Enable SugarFeeds
2021-03-05 15:34:27...Enable InsideView Connector
2021-03-05 15:34:27...Creating FTS logic hook
2021-03-05 15:34:27...populating the db with seed data
2021-03-05 15:34:28...Installation has completed *********
2021-03-05 15:34:51...installerHook: Could not find custom/install/install_hooks.php
2021-03-05 15:36:14...installerHook: Could not find custom/install/install_hooks.php