03/05/21 15:36:19 [6736][-none-][FATAL] Configuration variable date.timezone is not set, guessed timezone UTC. Please set date.timezone="UTC" in php.ini!
03/05/21 15:36:21 [6736][-none-][FATAL] Configuration variable date.timezone is not set, guessed timezone UTC. Please set date.timezone="UTC" in php.ini!
03/05/21 15:36:36 [6736][-none-][FATAL] Configuration variable date.timezone is not set, guessed timezone UTC. Please set date.timezone="UTC" in php.ini!
03/05/21 15:36:37 [6736][-none-][FATAL] Configuration variable date.timezone is not set, guessed timezone UTC. Please set date.timezone="UTC" in php.ini!
03/05/21 15:36:40 [6736][-none-][FATAL] Configuration variable date.timezone is not set, guessed timezone UTC. Please set date.timezone="UTC" in php.ini!
03/05/21 15:36:40 [6736][-none-][FATAL] Configuration variable date.timezone is not set, guessed timezone UTC. Please set date.timezone="UTC" in php.ini!
03/05/21 15:37:46 [6736][-none-][FATAL] Configuration variable date.timezone is not set, guessed timezone UTC. Please set date.timezone="UTC" in php.ini!
03/05/21 15:37:47 [6736][-none-][FATAL] Configuration variable date.timezone is not set, guessed timezone UTC. Please set date.timezone="UTC" in php.ini!
03/05/21 15:37:51 [6736][-none-][FATAL] Configuration variable date.timezone is not set, guessed timezone UTC. Please set date.timezone="UTC" in php.ini!
03/05/21 15:39:31 [6736][-none-][FATAL] Configuration variable date.timezone is not set, guessed timezone UTC. Please set date.timezone="UTC" in php.ini!
03/05/21 15:39:34 [6736][-none-][FATAL] Configuration variable date.timezone is not set, guessed timezone UTC. Please set date.timezone="UTC" in php.ini!
03/05/21 15:39:42 [6736][-none-][FATAL] Configuration variable date.timezone is not set, guessed timezone UTC. Please set date.timezone="UTC" in php.ini!
03/05/21 15:40:10 [6736][-none-][FATAL] Configuration variable date.timezone is not set, guessed timezone UTC. Please set date.timezone="UTC" in php.ini!
03/05/21 15:40:14 [6736][-none-][FATAL] Configuration variable date.timezone is not set, guessed timezone UTC. Please set date.timezone="UTC" in php.ini!
03/05/21 15:40:41 [6736][-none-][FATAL] Configuration variable date.timezone is not set, guessed timezone UTC. Please set date.timezone="UTC" in php.ini!
03/05/21 15:40:45 [6736][-none-][FATAL] Configuration variable date.timezone is not set, guessed timezone UTC. Please set date.timezone="UTC" in php.ini!
03/05/21 15:40:47 [6736][-none-][FATAL] Configuration variable date.timezone is not set, guessed timezone UTC. Please set date.timezone="UTC" in php.ini!
03/05/21 15:40:56 [6736][-none-][FATAL] Configuration variable date.timezone is not set, guessed timezone UTC. Please set date.timezone="UTC" in php.ini!
03/05/21 15:41:05 [6736][-none-][FATAL] Configuration variable date.timezone is not set, guessed timezone UTC. Please set date.timezone="UTC" in php.ini!
03/05/21 15:41:10 [6736][-none-][FATAL] Configuration variable date.timezone is not set, guessed timezone UTC. Please set date.timezone="UTC" in php.ini!
03/05/21 15:41:18 [6736][-none-][FATAL] Configuration variable date.timezone is not set, guessed timezone UTC. Please set date.timezone="UTC" in php.ini!
03/05/21 15:41:26 [6736][-none-][FATAL] Configuration variable date.timezone is not set, guessed timezone UTC. Please set date.timezone="UTC" in php.ini!
03/05/21 15:41:44 [6736][-none-][FATAL] Configuration variable date.timezone is not set, guessed timezone UTC. Please set date.timezone="UTC" in php.ini!
03/05/21 15:41:47 [6736][-none-][FATAL] Configuration variable date.timezone is not set, guessed timezone UTC. Please set date.timezone="UTC" in php.ini!
03/05/21 15:44:26 [6736][-none-][FATAL] Configuration variable date.timezone is not set, guessed timezone UTC. Please set date.timezone="UTC" in php.ini!
03/05/21 15:44:28 [6736][1][FATAL] kbdocuments for case_kbdocuments failed to load

03/05/21 15:44:29 [6736][1][FATAL] quotes for projects_quotes failed to load

03/05/21 15:44:29 [6736][1][FATAL] holidays for users_holidays failed to load

03/05/21 15:44:29 [6736][1][FATAL] project_resource for projects_users_resources failed to load

03/05/21 15:44:29 [6736][1][FATAL] project_resource for projects_contacts_resources failed to load

03/05/21 15:44:30 [6736][1][FATAL] holidays for users_holidays failed to load

03/05/21 15:44:30 [6736][1][FATAL] project_resource for projects_users_resources failed to load

03/05/21 15:44:31 [6736][1][FATAL] assigned_user_link for tracker_user_id failed to load

03/05/21 15:44:31 [6736][1][FATAL] Class Connectors does not exist, unable to rename.
03/05/21 15:44:31 [6736][1][FATAL] Class CustomFields does not exist, unable to rename.
03/05/21 15:44:31 [6736][1][FATAL] Class Audit does not exist, unable to rename.
03/05/21 15:44:31 [6736][1][FATAL] holidays for users_holidays failed to load

03/05/21 15:44:31 [6736][1][FATAL] project_resource for projects_users_resources failed to load

03/05/21 15:44:37 [6736][-none-][FATAL] Configuration variable date.timezone is not set, guessed timezone UTC. Please set date.timezone="UTC" in php.ini!
03/05/21 15:44:39 [6736][-none-][FATAL] Configuration variable date.timezone is not set, guessed timezone UTC. Please set date.timezone="UTC" in php.ini!
03/05/21 15:44:39 [6736][-none-][FATAL] Configuration variable date.timezone is not set, guessed timezone UTC. Please set date.timezone="UTC" in php.ini!
03/05/21 15:45:06 [6736][-none-][FATAL] Configuration variable date.timezone is not set, guessed timezone UTC. Please set date.timezone="UTC" in php.ini!
03/05/21 15:45:08 [6736][-none-][FATAL] Configuration variable date.timezone is not set, guessed timezone UTC. Please set date.timezone="UTC" in php.ini!
03/05/21 15:45:24 [6736][-none-][FATAL] Configuration variable date.timezone is not set, guessed timezone UTC. Please set date.timezone="UTC" in php.ini!
03/05/21 15:45:52 [6736][-none-][FATAL] Configuration variable date.timezone is not set, guessed timezone UTC. Please set date.timezone="UTC" in php.ini!
03/05/21 15:45:54 [6736][-none-][FATAL] Configuration variable date.timezone is not set, guessed timezone UTC. Please set date.timezone="UTC" in php.ini!
03/05/21 15:46:16 [6736][-none-][FATAL] Configuration variable date.timezone is not set, guessed timezone UTC. Please set date.timezone="UTC" in php.ini!
03/05/21 15:46:18 [6736][-none-][FATAL] Configuration variable date.timezone is not set, guessed timezone UTC. Please set date.timezone="UTC" in php.ini!
03/05/21 15:46:24 [6736][-none-][FATAL] Configuration variable date.timezone is not set, guessed timezone UTC. Please set date.timezone="UTC" in php.ini!
03/05/21 15:46:31 [6736][-none-][FATAL] Configuration variable date.timezone is not set, guessed timezone UTC. Please set date.timezone="UTC" in php.ini!
03/05/21 15:48:11 [6736][-none-][FATAL] Configuration variable date.timezone is not set, guessed timezone UTC. Please set date.timezone="UTC" in php.ini!
03/05/21 16:29:44 [6736][-none-][FATAL] Configuration variable date.timezone is not set, guessed timezone UTC. Please set date.timezone="UTC" in php.ini!
03/05/21 16:29:49 [6736][-none-][FATAL] Configuration variable date.timezone is not set, guessed timezone UTC. Please set date.timezone="UTC" in php.ini!
03/05/21 16:32:14 [6736][-none-][FATAL] Configuration variable date.timezone is not set, guessed timezone UTC. Please set date.timezone="UTC" in php.ini!
03/05/21 16:32:18 [6736][-none-][FATAL] Configuration variable date.timezone is not set, guessed timezone UTC. Please set date.timezone="UTC" in php.ini!
03/05/21 16:32:22 [6736][-none-][FATAL] Configuration variable date.timezone is not set, guessed timezone UTC. Please set date.timezone="UTC" in php.ini!
03/05/21 16:32:22 [6736][-none-][FATAL] Configuration variable date.timezone is not set, guessed timezone UTC. Please set date.timezone="UTC" in php.ini!
03/05/21 16:32:35 [6736][-none-][FATAL] Configuration variable date.timezone is not set, guessed timezone UTC. Please set date.timezone="UTC" in php.ini!
03/05/21 16:32:45 [6736][-none-][FATAL] Configuration variable date.timezone is not set, guessed timezone UTC. Please set date.timezone="UTC" in php.ini!
03/05/21 16:38:08 [6736][-none-][FATAL] Configuration variable date.timezone is not set, guessed timezone UTC. Please set date.timezone="UTC" in php.ini!
03/05/21 16:38:10 [6736][-none-][FATAL] Configuration variable date.timezone is not set, guessed timezone UTC. Please set date.timezone="UTC" in php.ini!
03/05/21 16:38:15 [6736][-none-][FATAL] Configuration variable date.timezone is not set, guessed timezone UTC. Please set date.timezone="UTC" in php.ini!
03/05/21 16:38:19 [6736][-none-][FATAL] Configuration variable date.timezone is not set, guessed timezone UTC. Please set date.timezone="UTC" in php.ini!
03/05/21 16:38:25 [6736][-none-][FATAL] Configuration variable date.timezone is not set, guessed timezone UTC. Please set date.timezone="UTC" in php.ini!
03/05/21 16:39:43 [6736][-none-][FATAL] Configuration variable date.timezone is not set, guessed timezone UTC. Please set date.timezone="UTC" in php.ini!
03/05/21 16:39:45 [6736][-none-][FATAL] Configuration variable date.timezone is not set, guessed timezone UTC. Please set date.timezone="UTC" in php.ini!
03/05/21 16:42:22 [6736][-none-][FATAL] Configuration variable date.timezone is not set, guessed timezone UTC. Please set date.timezone="UTC" in php.ini!
03/05/21 16:42:23 [6736][-none-][FATAL] Configuration variable date.timezone is not set, guessed timezone UTC. Please set date.timezone="UTC" in php.ini!
03/05/21 16:42:39 [6736][-none-][FATAL] Configuration variable date.timezone is not set, guessed timezone UTC. Please set date.timezone="UTC" in php.ini!
03/05/21 16:42:59 [6736][-none-][FATAL] Configuration variable date.timezone is not set, guessed timezone UTC. Please set date.timezone="UTC" in php.ini!
03/05/21 16:43:05 [6736][-none-][FATAL] Configuration variable date.timezone is not set, guessed timezone UTC. Please set date.timezone="UTC" in php.ini!
03/05/21 16:43:08 [6736][-none-][FATAL] Configuration variable date.timezone is not set, guessed timezone UTC. Please set date.timezone="UTC" in php.ini!
03/05/21 16:43:09 [6736][-none-][FATAL] Configuration variable date.timezone is not set, guessed timezone UTC. Please set date.timezone="UTC" in php.ini!
03/05/21 16:43:16 [6736][-none-][FATAL] Configuration variable date.timezone is not set, guessed timezone UTC. Please set date.timezone="UTC" in php.ini!
03/05/21 16:43:21 [6736][-none-][FATAL] Configuration variable date.timezone is not set, guessed timezone UTC. Please set date.timezone="UTC" in php.ini!
03/05/21 16:43:27 [6736][-none-][FATAL] Configuration variable date.timezone is not set, guessed timezone UTC. Please set date.timezone="UTC" in php.ini!
03/05/21 16:43:41 [6736][-none-][FATAL] Configuration variable date.timezone is not set, guessed timezone UTC. Please set date.timezone="UTC" in php.ini!
03/05/21 16:43:47 [6736][-none-][FATAL] Configuration variable date.timezone is not set, guessed timezone UTC. Please set date.timezone="UTC" in php.ini!
03/05/21 16:43:51 [6736][-none-][FATAL] Configuration variable date.timezone is not set, guessed timezone UTC. Please set date.timezone="UTC" in php.ini!
03/05/21 16:44:04 [6736][-none-][FATAL] Configuration variable date.timezone is not set, guessed timezone UTC. Please set date.timezone="UTC" in php.ini!
03/05/21 16:44:19 [6736][-none-][FATAL] Configuration variable date.timezone is not set, guessed timezone UTC. Please set date.timezone="UTC" in php.ini!
03/05/21 16:44:22 [6736][-none-][FATAL] Configuration variable date.timezone is not set, guessed timezone UTC. Please set date.timezone="UTC" in php.ini!
03/05/21 16:44:31 [6736][-none-][FATAL] Configuration variable date.timezone is not set, guessed timezone UTC. Please set date.timezone="UTC" in php.ini!
03/05/21 16:44:35 [6736][-none-][FATAL] Configuration variable date.timezone is not set, guessed timezone UTC. Please set date.timezone="UTC" in php.ini!
03/05/21 16:44:38 [6736][-none-][FATAL] Configuration variable date.timezone is not set, guessed timezone UTC. Please set date.timezone="UTC" in php.ini!
03/05/21 16:45:19 [6736][-none-][FATAL] Configuration variable date.timezone is not set, guessed timezone UTC. Please set date.timezone="UTC" in php.ini!
03/05/21 16:45:54 [6736][-none-][FATAL] Configuration variable date.timezone is not set, guessed timezone UTC. Please set date.timezone="UTC" in php.ini!
03/05/21 16:46:03 [6736][-none-][FATAL] Configuration variable date.timezone is not set, guessed timezone UTC. Please set date.timezone="UTC" in php.ini!
03/05/21 16:46:11 [6736][-none-][FATAL] Configuration variable date.timezone is not set, guessed timezone UTC. Please set date.timezone="UTC" in php.ini!
03/05/21 16:46:20 [6736][-none-][FATAL] Configuration variable date.timezone is not set, guessed timezone UTC. Please set date.timezone="UTC" in php.ini!
03/05/21 16:46:36 [6736][-none-][FATAL] Configuration variable date.timezone is not set, guessed timezone UTC. Please set date.timezone="UTC" in php.ini!
03/05/21 16:46:45 [6736][-none-][FATAL] Configuration variable date.timezone is not set, guessed timezone UTC. Please set date.timezone="UTC" in php.ini!
03/05/21 16:46:49 [6736][-none-][FATAL] Configuration variable date.timezone is not set, guessed timezone UTC. Please set date.timezone="UTC" in php.ini!
03/05/21 16:47:07 [6736][-none-][FATAL] Configuration variable date.timezone is not set, guessed timezone UTC. Please set date.timezone="UTC" in php.ini!
03/05/21 16:47:10 [6736][-none-][FATAL] Configuration variable date.timezone is not set, guessed timezone UTC. Please set date.timezone="UTC" in php.ini!
03/05/21 16:47:17 [6736][-none-][FATAL] Configuration variable date.timezone is not set, guessed timezone UTC. Please set date.timezone="UTC" in php.ini!
03/05/21 16:47:23 [6736][-none-][FATAL] Configuration variable date.timezone is not set, guessed timezone UTC. Please set date.timezone="UTC" in php.ini!
03/05/21 16:47:29 [6736][-none-][FATAL] Configuration variable date.timezone is not set, guessed timezone UTC. Please set date.timezone="UTC" in php.ini!
03/05/21 16:47:42 [6736][-none-][FATAL] Configuration variable date.timezone is not set, guessed timezone UTC. Please set date.timezone="UTC" in php.ini!
03/05/21 16:48:36 [6736][-none-][FATAL] Configuration variable date.timezone is not set, guessed timezone UTC. Please set date.timezone="UTC" in php.ini!
03/05/21 16:48:41 [6736][-none-][FATAL] Configuration variable date.timezone is not set, guessed timezone UTC. Please set date.timezone="UTC" in php.ini!
03/05/21 16:48:44 [6736][-none-][FATAL] Configuration variable date.timezone is not set, guessed timezone UTC. Please set date.timezone="UTC" in php.ini!
03/05/21 16:49:27 [6736][-none-][FATAL] Configuration variable date.timezone is not set, guessed timezone UTC. Please set date.timezone="UTC" in php.ini!
03/05/21 16:49:32 [6736][-none-][FATAL] Configuration variable date.timezone is not set, guessed timezone UTC. Please set date.timezone="UTC" in php.ini!
03/05/21 16:49:35 [6736][-none-][FATAL] Configuration variable date.timezone is not set, guessed timezone UTC. Please set date.timezone="UTC" in php.ini!
03/05/21 16:49:45 [6736][-none-][FATAL] Configuration variable date.timezone is not set, guessed timezone UTC. Please set date.timezone="UTC" in php.ini!
03/05/21 16:50:04 [6736][-none-][FATAL] Configuration variable date.timezone is not set, guessed timezone UTC. Please set date.timezone="UTC" in php.ini!
03/05/21 16:50:12 [6736][-none-][FATAL] Configuration variable date.timezone is not set, guessed timezone UTC. Please set date.timezone="UTC" in php.ini!
03/05/21 16:50:41 [6736][-none-][FATAL] Configuration variable date.timezone is not set, guessed timezone UTC. Please set date.timezone="UTC" in php.ini!
03/05/21 16:51:32 [6736][-none-][FATAL] Configuration variable date.timezone is not set, guessed timezone UTC. Please set date.timezone="UTC" in php.ini!
03/05/21 16:51:33 [6736][-none-][FATAL] Configuration variable date.timezone is not set, guessed timezone UTC. Please set date.timezone="UTC" in php.ini!
03/05/21 16:52:01 [6736][-none-][FATAL] Configuration variable date.timezone is not set, guessed timezone UTC. Please set date.timezone="UTC" in php.ini!
03/05/21 16:52:09 [6736][-none-][FATAL] Configuration variable date.timezone is not set, guessed timezone UTC. Please set date.timezone="UTC" in php.ini!
03/05/21 16:52:12 [6736][-none-][FATAL] Configuration variable date.timezone is not set, guessed timezone UTC. Please set date.timezone="UTC" in php.ini!
03/05/21 16:52:15 [6736][-none-][FATAL] Configuration variable date.timezone is not set, guessed timezone UTC. Please set date.timezone="UTC" in php.ini!
03/05/21 16:52:19 [6736][-none-][FATAL] Configuration variable date.timezone is not set, guessed timezone UTC. Please set date.timezone="UTC" in php.ini!
03/05/21 16:52:22 [6736][-none-][FATAL] Configuration variable date.timezone is not set, guessed timezone UTC. Please set date.timezone="UTC" in php.ini!
03/05/21 16:53:17 [6736][-none-][FATAL] Configuration variable date.timezone is not set, guessed timezone UTC. Please set date.timezone="UTC" in php.ini!
03/05/21 16:53:26 [6736][-none-][FATAL] Configuration variable date.timezone is not set, guessed timezone UTC. Please set date.timezone="UTC" in php.ini!
03/05/21 16:53:29 [6736][-none-][FATAL] Configuration variable date.timezone is not set, guessed timezone UTC. Please set date.timezone="UTC" in php.ini!
03/05/21 16:53:37 [6736][-none-][FATAL] Configuration variable date.timezone is not set, guessed timezone UTC. Please set date.timezone="UTC" in php.ini!
03/05/21 16:53:44 [6736][-none-][FATAL] Configuration variable date.timezone is not set, guessed timezone UTC. Please set date.timezone="UTC" in php.ini!
03/05/21 16:53:50 [6736][-none-][FATAL] Configuration variable date.timezone is not set, guessed timezone UTC. Please set date.timezone="UTC" in php.ini!
03/05/21 16:53:53 [6736][-none-][FATAL] Configuration variable date.timezone is not set, guessed timezone UTC. Please set date.timezone="UTC" in php.ini!
03/05/21 16:54:06 [6736][-none-][FATAL] Configuration variable date.timezone is not set, guessed timezone UTC. Please set date.timezone="UTC" in php.ini!
03/05/21 16:54:14 [6736][-none-][FATAL] Configuration variable date.timezone is not set, guessed timezone UTC. Please set date.timezone="UTC" in php.ini!
03/05/21 16:54:17 [6736][-none-][FATAL] Configuration variable date.timezone is not set, guessed timezone UTC. Please set date.timezone="UTC" in php.ini!
03/05/21 16:54:25 [6736][-none-][FATAL] Configuration variable date.timezone is not set, guessed timezone UTC. Please set date.timezone="UTC" in php.ini!
03/05/21 16:54:32 [6736][-none-][FATAL] Configuration variable date.timezone is not set, guessed timezone UTC. Please set date.timezone="UTC" in php.ini!
03/05/21 16:54:40 [6736][-none-][FATAL] Configuration variable date.timezone is not set, guessed timezone UTC. Please set date.timezone="UTC" in php.ini!
03/05/21 16:54:45 [6736][-none-][FATAL] Configuration variable date.timezone is not set, guessed timezone UTC. Please set date.timezone="UTC" in php.ini!
03/05/21 16:55:05 [6736][-none-][FATAL] Configuration variable date.timezone is not set, guessed timezone UTC. Please set date.timezone="UTC" in php.ini!
03/05/21 16:55:12 [6736][-none-][FATAL] Configuration variable date.timezone is not set, guessed timezone UTC. Please set date.timezone="UTC" in php.ini!
03/05/21 16:55:15 [6736][-none-][FATAL] Configuration variable date.timezone is not set, guessed timezone UTC. Please set date.timezone="UTC" in php.ini!
03/05/21 16:55:27 [6736][-none-][FATAL] Configuration variable date.timezone is not set, guessed timezone UTC. Please set date.timezone="UTC" in php.ini!
03/05/21 16:55:42 [6736][-none-][FATAL] Configuration variable date.timezone is not set, guessed timezone UTC. Please set date.timezone="UTC" in php.ini!
03/05/21 16:55:47 [6736][-none-][FATAL] Configuration variable date.timezone is not set, guessed timezone UTC. Please set date.timezone="UTC" in php.ini!
03/05/21 16:57:02 [6736][-none-][FATAL] Configuration variable date.timezone is not set, guessed timezone UTC. Please set date.timezone="UTC" in php.ini!
03/05/21 16:57:06 [6736][-none-][FATAL] Configuration variable date.timezone is not set, guessed timezone UTC. Please set date.timezone="UTC" in php.ini!
03/05/21 16:57:10 [6736][-none-][FATAL] Configuration variable date.timezone is not set, guessed timezone UTC. Please set date.timezone="UTC" in php.ini!
03/05/21 16:57:58 [6736][-none-][FATAL] Configuration variable date.timezone is not set, guessed timezone UTC. Please set date.timezone="UTC" in php.ini!
03/05/21 16:58:04 [6736][-none-][FATAL] Configuration variable date.timezone is not set, guessed timezone UTC. Please set date.timezone="UTC" in php.ini!
03/05/21 16:58:09 [6736][-none-][FATAL] Configuration variable date.timezone is not set, guessed timezone UTC. Please set date.timezone="UTC" in php.ini!
03/05/21 16:58:28 [6736][-none-][FATAL] Configuration variable date.timezone is not set, guessed timezone UTC. Please set date.timezone="UTC" in php.ini!
03/05/21 16:58:36 [6736][-none-][FATAL] Configuration variable date.timezone is not set, guessed timezone UTC. Please set date.timezone="UTC" in php.ini!
03/05/21 16:58:42 [6736][-none-][FATAL] Configuration variable date.timezone is not set, guessed timezone UTC. Please set date.timezone="UTC" in php.ini!
03/05/21 16:58:43 [6736][-none-][FATAL] Configuration variable date.timezone is not set, guessed timezone UTC. Please set date.timezone="UTC" in php.ini!
03/05/21 16:59:31 [6736][-none-][FATAL] Configuration variable date.timezone is not set, guessed timezone UTC. Please set date.timezone="UTC" in php.ini!
03/05/21 16:59:42 [6736][-none-][FATAL] Configuration variable date.timezone is not set, guessed timezone UTC. Please set date.timezone="UTC" in php.ini!
03/05/21 16:59:56 [6736][-none-][FATAL] Configuration variable date.timezone is not set, guessed timezone UTC. Please set date.timezone="UTC" in php.ini!
03/05/21 17:01:25 [6736][-none-][FATAL] Configuration variable date.timezone is not set, guessed timezone UTC. Please set date.timezone="UTC" in php.ini!
03/05/21 17:01:32 [6736][-none-][FATAL] Configuration variable date.timezone is not set, guessed timezone UTC. Please set date.timezone="UTC" in php.ini!
03/05/21 17:01:35 [6736][-none-][FATAL] Configuration variable date.timezone is not set, guessed timezone UTC. Please set date.timezone="UTC" in php.ini!
03/05/21 17:01:36 [6736][-none-][FATAL] Configuration variable date.timezone is not set, guessed timezone UTC. Please set date.timezone="UTC" in php.ini!
03/05/21 17:01:49 [6736][-none-][FATAL] Configuration variable date.timezone is not set, guessed timezone UTC. Please set date.timezone="UTC" in php.ini!
03/05/21 17:01:51 [6736][-none-][FATAL] Configuration variable date.timezone is not set, guessed timezone UTC. Please set date.timezone="UTC" in php.ini!
03/05/21 17:02:03 [6736][-none-][FATAL] Configuration variable date.timezone is not set, guessed timezone UTC. Please set date.timezone="UTC" in php.ini!
03/05/21 17:02:09 [6736][-none-][FATAL] Configuration variable date.timezone is not set, guessed timezone UTC. Please set date.timezone="UTC" in php.ini!
03/05/21 17:02:11 [6736][-none-][FATAL] Configuration variable date.timezone is not set, guessed timezone UTC. Please set date.timezone="UTC" in php.ini!
03/05/21 17:02:36 [6736][-none-][FATAL] Configuration variable date.timezone is not set, guessed timezone UTC. Please set date.timezone="UTC" in php.ini!
03/05/21 17:02:49 [6736][-none-][FATAL] Configuration variable date.timezone is not set, guessed timezone UTC. Please set date.timezone="UTC" in php.ini!
03/05/21 17:02:50 [6736][-none-][FATAL] Configuration variable date.timezone is not set, guessed timezone UTC. Please set date.timezone="UTC" in php.ini!
03/05/21 17:02:55 [6736][-none-][FATAL] Configuration variable date.timezone is not set, guessed timezone UTC. Please set date.timezone="UTC" in php.ini!
03/05/21 17:03:12 [6736][-none-][FATAL] Configuration variable date.timezone is not set, guessed timezone UTC. Please set date.timezone="UTC" in php.ini!
03/05/21 17:03:17 [6736][-none-][FATAL] Configuration variable date.timezone is not set, guessed timezone UTC. Please set date.timezone="UTC" in php.ini!
03/05/21 17:03:24 [6736][-none-][FATAL] Configuration variable date.timezone is not set, guessed timezone UTC. Please set date.timezone="UTC" in php.ini!
03/05/21 17:03:29 [6736][-none-][FATAL] Configuration variable date.timezone is not set, guessed timezone UTC. Please set date.timezone="UTC" in php.ini!
03/05/21 17:03:38 [6736][-none-][FATAL] Configuration variable date.timezone is not set, guessed timezone UTC. Please set date.timezone="UTC" in php.ini!
03/05/21 17:03:48 [6736][-none-][FATAL] Configuration variable date.timezone is not set, guessed timezone UTC. Please set date.timezone="UTC" in php.ini!
03/05/21 17:03:51 [6736][-none-][FATAL] Configuration variable date.timezone is not set, guessed timezone UTC. Please set date.timezone="UTC" in php.ini!
03/05/21 17:03:58 [6736][-none-][FATAL] Configuration variable date.timezone is not set, guessed timezone UTC. Please set date.timezone="UTC" in php.ini!
03/05/21 17:04:01 [6736][-none-][FATAL] Configuration variable date.timezone is not set, guessed timezone UTC. Please set date.timezone="UTC" in php.ini!
03/05/21 17:04:06 [6736][-none-][FATAL] Configuration variable date.timezone is not set, guessed timezone UTC. Please set date.timezone="UTC" in php.ini!
03/05/21 17:04:15 [6736][-none-][FATAL] Configuration variable date.timezone is not set, guessed timezone UTC. Please set date.timezone="UTC" in php.ini!
03/05/21 17:04:35 [6736][-none-][FATAL] Configuration variable date.timezone is not set, guessed timezone UTC. Please set date.timezone="UTC" in php.ini!
03/05/21 17:04:39 [6736][-none-][FATAL] Configuration variable date.timezone is not set, guessed timezone UTC. Please set date.timezone="UTC" in php.ini!
03/05/21 17:04:43 [6736][-none-][FATAL] Configuration variable date.timezone is not set, guessed timezone UTC. Please set date.timezone="UTC" in php.ini!
03/05/21 17:05:01 [6736][-none-][FATAL] Configuration variable date.timezone is not set, guessed timezone UTC. Please set date.timezone="UTC" in php.ini!
03/05/21 17:05:05 [6736][-none-][FATAL] Configuration variable date.timezone is not set, guessed timezone UTC. Please set date.timezone="UTC" in php.ini!
03/05/21 17:08:10 [6736][-none-][FATAL] Configuration variable date.timezone is not set, guessed timezone UTC. Please set date.timezone="UTC" in php.ini!
03/05/21 17:08:12 [6736][-none-][FATAL] Configuration variable date.timezone is not set, guessed timezone UTC. Please set date.timezone="UTC" in php.ini!
03/05/21 17:08:17 [6736][-none-][FATAL] Configuration variable date.timezone is not set, guessed timezone UTC. Please set date.timezone="UTC" in php.ini!
03/05/21 17:08:22 [6736][-none-][FATAL] Configuration variable date.timezone is not set, guessed timezone UTC. Please set date.timezone="UTC" in php.ini!
03/05/21 17:08:46 [6736][-none-][FATAL] Configuration variable date.timezone is not set, guessed timezone UTC. Please set date.timezone="UTC" in php.ini!
03/05/21 17:08:47 [6736][-none-][FATAL] Configuration variable date.timezone is not set, guessed timezone UTC. Please set date.timezone="UTC" in php.ini!
03/05/21 17:15:55 [6736][-none-][FATAL] Configuration variable date.timezone is not set, guessed timezone UTC. Please set date.timezone="UTC" in php.ini!
03/05/21 17:16:42 [6736][-none-][FATAL] Configuration variable date.timezone is not set, guessed timezone UTC. Please set date.timezone="UTC" in php.ini!
03/05/21 17:16:44 [6736][-none-][FATAL] Configuration variable date.timezone is not set, guessed timezone UTC. Please set date.timezone="UTC" in php.ini!
03/05/21 17:16:55 [6736][-none-][FATAL] Configuration variable date.timezone is not set, guessed timezone UTC. Please set date.timezone="UTC" in php.ini!
03/05/21 17:16:58 [6736][-none-][FATAL] Configuration variable date.timezone is not set, guessed timezone UTC. Please set date.timezone="UTC" in php.ini!
03/05/21 17:17:08 [6736][-none-][FATAL] Configuration variable date.timezone is not set, guessed timezone UTC. Please set date.timezone="UTC" in php.ini!
03/05/21 17:17:11 [6736][-none-][FATAL] Configuration variable date.timezone is not set, guessed timezone UTC. Please set date.timezone="UTC" in php.ini!
03/05/21 17:17:30 [6736][-none-][FATAL] Configuration variable date.timezone is not set, guessed timezone UTC. Please set date.timezone="UTC" in php.ini!
03/05/21 17:17:31 [6736][-none-][FATAL] Configuration variable date.timezone is not set, guessed timezone UTC. Please set date.timezone="UTC" in php.ini!
03/05/21 17:17:35 [6736][-none-][FATAL] Configuration variable date.timezone is not set, guessed timezone UTC. Please set date.timezone="UTC" in php.ini!
03/05/21 17:19:06 [6736][-none-][FATAL] Configuration variable date.timezone is not set, guessed timezone UTC. Please set date.timezone="UTC" in php.ini!
03/05/21 17:19:11 [6736][-none-][FATAL] Configuration variable date.timezone is not set, guessed timezone UTC. Please set date.timezone="UTC" in php.ini!
03/05/21 17:19:14 [6736][-none-][FATAL] Configuration variable date.timezone is not set, guessed timezone UTC. Please set date.timezone="UTC" in php.ini!
03/05/21 17:20:10 [6736][-none-][FATAL] Configuration variable date.timezone is not set, guessed timezone UTC. Please set date.timezone="UTC" in php.ini!
03/05/21 17:20:12 [6736][-none-][FATAL] Configuration variable date.timezone is not set, guessed timezone UTC. Please set date.timezone="UTC" in php.ini!
03/05/21 17:20:14 [6736][-none-][FATAL] Configuration variable date.timezone is not set, guessed timezone UTC. Please set date.timezone="UTC" in php.ini!
03/05/21 17:20:20 [6736][-none-][FATAL] Configuration variable date.timezone is not set, guessed timezone UTC. Please set date.timezone="UTC" in php.ini!
03/05/21 17:26:15 [6736][-none-][FATAL] Configuration variable date.timezone is not set, guessed timezone UTC. Please set date.timezone="UTC" in php.ini!
03/05/21 17:26:28 [6736][-none-][FATAL] Configuration variable date.timezone is not set, guessed timezone UTC. Please set date.timezone="UTC" in php.ini!
03/05/21 17:26:32 [6736][-none-][FATAL] Configuration variable date.timezone is not set, guessed timezone UTC. Please set date.timezone="UTC" in php.ini!
03/05/21 17:26:50 [6736][-none-][FATAL] Configuration variable date.timezone is not set, guessed timezone UTC. Please set date.timezone="UTC" in php.ini!
03/05/21 17:26:52 [6736][-none-][FATAL] Configuration variable date.timezone is not set, guessed timezone UTC. Please set date.timezone="UTC" in php.ini!
03/05/21 17:26:57 [6736][-none-][FATAL] Configuration variable date.timezone is not set, guessed timezone UTC. Please set date.timezone="UTC" in php.ini!
03/05/21 17:27:04 [6736][-none-][FATAL] Configuration variable date.timezone is not set, guessed timezone UTC. Please set date.timezone="UTC" in php.ini!
03/05/21 17:27:08 [6736][-none-][FATAL] Configuration variable date.timezone is not set, guessed timezone UTC. Please set date.timezone="UTC" in php.ini!
03/05/21 17:27:09 [6736][-none-][FATAL] Configuration variable date.timezone is not set, guessed timezone UTC. Please set date.timezone="UTC" in php.ini!
03/05/21 17:27:41 [6736][-none-][FATAL] Configuration variable date.timezone is not set, guessed timezone UTC. Please set date.timezone="UTC" in php.ini!
03/05/21 17:27:48 [6736][-none-][FATAL] Configuration variable date.timezone is not set, guessed timezone UTC. Please set date.timezone="UTC" in php.ini!
03/05/21 17:27:51 [6736][-none-][FATAL] Configuration variable date.timezone is not set, guessed timezone UTC. Please set date.timezone="UTC" in php.ini!
03/05/21 17:28:02 [6736][-none-][FATAL] Configuration variable date.timezone is not set, guessed timezone UTC. Please set date.timezone="UTC" in php.ini!
03/05/21 17:28:13 [6736][-none-][FATAL] Configuration variable date.timezone is not set, guessed timezone UTC. Please set date.timezone="UTC" in php.ini!
03/05/21 17:28:32 [6736][-none-][FATAL] Configuration variable date.timezone is not set, guessed timezone UTC. Please set date.timezone="UTC" in php.ini!
03/05/21 17:28:38 [6736][-none-][FATAL] Configuration variable date.timezone is not set, guessed timezone UTC. Please set date.timezone="UTC" in php.ini!
03/05/21 17:28:43 [6736][-none-][FATAL] Configuration variable date.timezone is not set, guessed timezone UTC. Please set date.timezone="UTC" in php.ini!
03/05/21 17:28:45 [6736][-none-][FATAL] Configuration variable date.timezone is not set, guessed timezone UTC. Please set date.timezone="UTC" in php.ini!
03/05/21 17:28:45 [6736][-none-][FATAL] Configuration variable date.timezone is not set, guessed timezone UTC. Please set date.timezone="UTC" in php.ini!
03/05/21 17:28:48 [6736][-none-][FATAL] Configuration variable date.timezone is not set, guessed timezone UTC. Please set date.timezone="UTC" in php.ini!
03/05/21 17:28:49 [6736][-none-][FATAL] Configuration variable date.timezone is not set, guessed timezone UTC. Please set date.timezone="UTC" in php.ini!
03/05/21 17:29:02 [6736][-none-][FATAL] Configuration variable date.timezone is not set, guessed timezone UTC. Please set date.timezone="UTC" in php.ini!
03/05/21 17:29:05 [6736][-none-][FATAL] Configuration variable date.timezone is not set, guessed timezone UTC. Please set date.timezone="UTC" in php.ini!
03/05/21 17:30:01 [6736][-none-][FATAL] Configuration variable date.timezone is not set, guessed timezone UTC. Please set date.timezone="UTC" in php.ini!
03/05/21 17:30:06 [6736][-none-][FATAL] Configuration variable date.timezone is not set, guessed timezone UTC. Please set date.timezone="UTC" in php.ini!
03/05/21 17:30:09 [6736][-none-][FATAL] Configuration variable date.timezone is not set, guessed timezone UTC. Please set date.timezone="UTC" in php.ini!
03/05/21 17:30:50 [6736][-none-][FATAL] Configuration variable date.timezone is not set, guessed timezone UTC. Please set date.timezone="UTC" in php.ini!
03/05/21 17:30:52 [6736][-none-][FATAL] Configuration variable date.timezone is not set, guessed timezone UTC. Please set date.timezone="UTC" in php.ini!
03/05/21 17:30:59 [6736][-none-][FATAL] Configuration variable date.timezone is not set, guessed timezone UTC. Please set date.timezone="UTC" in php.ini!
03/05/21 17:31:18 [6736][-none-][FATAL] Configuration variable date.timezone is not set, guessed timezone UTC. Please set date.timezone="UTC" in php.ini!
03/05/21 17:31:20 [6736][-none-][FATAL] Configuration variable date.timezone is not set, guessed timezone UTC. Please set date.timezone="UTC" in php.ini!
03/05/21 17:31:36 [6736][-none-][FATAL] Configuration variable date.timezone is not set, guessed timezone UTC. Please set date.timezone="UTC" in php.ini!
03/05/21 17:31:38 [6736][-none-][FATAL] Configuration variable date.timezone is not set, guessed timezone UTC. Please set date.timezone="UTC" in php.ini!
03/05/21 17:31:40 [6736][-none-][FATAL] Configuration variable date.timezone is not set, guessed timezone UTC. Please set date.timezone="UTC" in php.ini!
03/05/21 17:31:55 [6736][-none-][FATAL] Configuration variable date.timezone is not set, guessed timezone UTC. Please set date.timezone="UTC" in php.ini!
03/05/21 17:31:55 [6736][-none-][FATAL] Configuration variable date.timezone is not set, guessed timezone UTC. Please set date.timezone="UTC" in php.ini!
03/05/21 17:31:57 [6736][-none-][FATAL] Configuration variable date.timezone is not set, guessed timezone UTC. Please set date.timezone="UTC" in php.ini!
03/05/21 17:31:58 [6736][-none-][FATAL] Configuration variable date.timezone is not set, guessed timezone UTC. Please set date.timezone="UTC" in php.ini!
03/05/21 17:32:13 [6736][-none-][FATAL] Configuration variable date.timezone is not set, guessed timezone UTC. Please set date.timezone="UTC" in php.ini!
03/05/21 17:32:21 [6736][-none-][FATAL] Configuration variable date.timezone is not set, guessed timezone UTC. Please set date.timezone="UTC" in php.ini!
03/05/21 17:32:26 [6736][-none-][FATAL] Configuration variable date.timezone is not set, guessed timezone UTC. Please set date.timezone="UTC" in php.ini!
03/05/21 17:32:40 [6736][-none-][FATAL] Configuration variable date.timezone is not set, guessed timezone UTC. Please set date.timezone="UTC" in php.ini!
03/05/21 17:32:43 [6736][-none-][FATAL] Configuration variable date.timezone is not set, guessed timezone UTC. Please set date.timezone="UTC" in php.ini!
03/05/21 17:33:00 [6736][-none-][FATAL] Configuration variable date.timezone is not set, guessed timezone UTC. Please set date.timezone="UTC" in php.ini!
03/05/21 17:33:04 [6736][-none-][FATAL] Configuration variable date.timezone is not set, guessed timezone UTC. Please set date.timezone="UTC" in php.ini!
03/05/21 17:33:07 [6736][-none-][FATAL] Configuration variable date.timezone is not set, guessed timezone UTC. Please set date.timezone="UTC" in php.ini!
03/05/21 17:33:51 [6736][-none-][FATAL] Configuration variable date.timezone is not set, guessed timezone UTC. Please set date.timezone="UTC" in php.ini!
03/05/21 17:33:53 [6736][1][FATAL] kbdocuments for case_kbdocuments failed to load

03/05/21 17:33:53 [6736][1][FATAL] quotes for projects_quotes failed to load

03/05/21 17:33:54 [6736][1][FATAL] holidays for users_holidays failed to load

03/05/21 17:33:54 [6736][1][FATAL] project_resource for projects_users_resources failed to load

03/05/21 17:33:54 [6736][1][FATAL] project_resource for projects_contacts_resources failed to load

03/05/21 17:33:55 [6736][1][FATAL] holidays for users_holidays failed to load

03/05/21 17:33:55 [6736][1][FATAL] project_resource for projects_users_resources failed to load

03/05/21 17:33:55 [6736][1][FATAL] assigned_user_link for tracker_user_id failed to load

03/05/21 17:33:55 [6736][1][FATAL] Class Connectors does not exist, unable to rename.
03/05/21 17:33:55 [6736][1][FATAL] Class CustomFields does not exist, unable to rename.
03/05/21 17:33:55 [6736][1][FATAL] Class Audit does not exist, unable to rename.
03/05/21 17:33:56 [6736][1][FATAL] holidays for users_holidays failed to load

03/05/21 17:33:56 [6736][1][FATAL] project_resource for projects_users_resources failed to load

03/05/21 17:34:00 [6736][-none-][FATAL] Configuration variable date.timezone is not set, guessed timezone UTC. Please set date.timezone="UTC" in php.ini!
03/05/21 17:34:02 [6736][-none-][FATAL] Configuration variable date.timezone is not set, guessed timezone UTC. Please set date.timezone="UTC" in php.ini!
03/05/21 17:34:02 [6736][-none-][FATAL] Configuration variable date.timezone is not set, guessed timezone UTC. Please set date.timezone="UTC" in php.ini!
03/05/21 17:34:09 [6736][-none-][FATAL] Configuration variable date.timezone is not set, guessed timezone UTC. Please set date.timezone="UTC" in php.ini!
03/05/21 17:34:11 [6736][-none-][FATAL] Configuration variable date.timezone is not set, guessed timezone UTC. Please set date.timezone="UTC" in php.ini!
03/05/21 17:34:16 [6736][-none-][FATAL] Configuration variable date.timezone is not set, guessed timezone UTC. Please set date.timezone="UTC" in php.ini!
03/05/21 17:34:59 [6736][-none-][FATAL] Configuration variable date.timezone is not set, guessed timezone UTC. Please set date.timezone="UTC" in php.ini!
03/05/21 17:35:01 [6736][-none-][FATAL] Configuration variable date.timezone is not set, guessed timezone UTC. Please set date.timezone="UTC" in php.ini!
03/05/21 17:35:08 [6736][-none-][FATAL] Configuration variable date.timezone is not set, guessed timezone UTC. Please set date.timezone="UTC" in php.ini!
03/05/21 17:35:09 [6736][-none-][FATAL] Configuration variable date.timezone is not set, guessed timezone UTC. Please set date.timezone="UTC" in php.ini!
03/05/21 17:35:11 [6736][-none-][FATAL] Configuration variable date.timezone is not set, guessed timezone UTC. Please set date.timezone="UTC" in php.ini!
03/05/21 17:35:13 [6736][-none-][FATAL] Configuration variable date.timezone is not set, guessed timezone UTC. Please set date.timezone="UTC" in php.ini!
03/05/21 17:35:28 [6736][-none-][FATAL] Configuration variable date.timezone is not set, guessed timezone UTC. Please set date.timezone="UTC" in php.ini!
03/05/21 17:35:36 [6736][-none-][FATAL] Configuration variable date.timezone is not set, guessed timezone UTC. Please set date.timezone="UTC" in php.ini!
03/05/21 17:35:37 [6736][-none-][FATAL] Configuration variable date.timezone is not set, guessed timezone UTC. Please set date.timezone="UTC" in php.ini!
03/05/21 17:36:21 [6736][-none-][FATAL] Configuration variable date.timezone is not set, guessed timezone UTC. Please set date.timezone="UTC" in php.ini!
03/05/21 17:36:28 [6736][-none-][FATAL] Configuration variable date.timezone is not set, guessed timezone UTC. Please set date.timezone="UTC" in php.ini!
03/05/21 17:36:31 [6736][-none-][FATAL] Configuration variable date.timezone is not set, guessed timezone UTC. Please set date.timezone="UTC" in php.ini!
03/05/21 17:37:02 [6736][-none-][FATAL] Configuration variable date.timezone is not set, guessed timezone UTC. Please set date.timezone="UTC" in php.ini!
03/05/21 17:37:04 [6736][-none-][FATAL] Configuration variable date.timezone is not set, guessed timezone UTC. Please set date.timezone="UTC" in php.ini!
03/05/21 17:37:10 [6736][-none-][FATAL] Configuration variable date.timezone is not set, guessed timezone UTC. Please set date.timezone="UTC" in php.ini!
03/05/21 17:37:20 [6736][-none-][FATAL] Configuration variable date.timezone is not set, guessed timezone UTC. Please set date.timezone="UTC" in php.ini!
03/05/21 17:37:47 [6736][-none-][FATAL] Configuration variable date.timezone is not set, guessed timezone UTC. Please set date.timezone="UTC" in php.ini!
03/05/21 17:37:48 [6736][-none-][FATAL] Configuration variable date.timezone is not set, guessed timezone UTC. Please set date.timezone="UTC" in php.ini!
03/05/21 17:38:01 [6736][-none-][FATAL] Configuration variable date.timezone is not set, guessed timezone UTC. Please set date.timezone="UTC" in php.ini!
03/05/21 17:38:22 [6736][-none-][FATAL] Configuration variable date.timezone is not set, guessed timezone UTC. Please set date.timezone="UTC" in php.ini!
03/05/21 17:38:23 [6736][-none-][FATAL] Configuration variable date.timezone is not set, guessed timezone UTC. Please set date.timezone="UTC" in php.ini!
03/05/21 17:38:29 [6736][-none-][FATAL] Configuration variable date.timezone is not set, guessed timezone UTC. Please set date.timezone="UTC" in php.ini!
03/05/21 17:38:42 [6736][-none-][FATAL] Configuration variable date.timezone is not set, guessed timezone UTC. Please set date.timezone="UTC" in php.ini!
03/05/21 17:38:43 [6736][-none-][FATAL] Configuration variable date.timezone is not set, guessed timezone UTC. Please set date.timezone="UTC" in php.ini!
03/05/21 17:38:54 [6736][-none-][FATAL] Configuration variable date.timezone is not set, guessed timezone UTC. Please set date.timezone="UTC" in php.ini!
03/05/21 17:38:57 [6736][-none-][FATAL] Configuration variable date.timezone is not set, guessed timezone UTC. Please set date.timezone="UTC" in php.ini!
03/05/21 17:38:58 [6736][-none-][FATAL] Configuration variable date.timezone is not set, guessed timezone UTC. Please set date.timezone="UTC" in php.ini!
03/05/21 17:39:56 [6736][-none-][FATAL] Configuration variable date.timezone is not set, guessed timezone UTC. Please set date.timezone="UTC" in php.ini!
